<?xml version="1.0" encoding="UTF-8"?>
<!-- Generated by org.testng.reporters.JUnitReportReporter -->
<testsuite skipped="0" hostname="DESKTOP-S0UQF67" name="testCases.TC005_createUser" tests="2" failures="0" timestamp="05 Jul 2021 03:24:21 GMT" time="6.054" errors="0">
  <testcase name="createUserEmployee" time="5.257" classname="testCases.TC005_createUser"/>
  <testcase name="UpdateEmployee" time="0.797" classname="testCases.TC005_createUser"/>
</testsuite> <!-- testCases.TC005_createUser -->
