<?xml version="1.0" encoding="UTF-8"?>
<!-- Generated by org.testng.reporters.JUnitReportReporter -->
<testsuite skipped="0" hostname="DESKTOP-S0UQF67" name="testCases.TC004_UnknownEmployess" tests="1" failures="0" timestamp="06 Jul 2021 03:54:46 GMT" time="0.426" errors="0">
  <testcase name="EmployeesNotFound" time="0.426" classname="testCases.TC004_UnknownEmployess"/>
</testsuite> <!-- testCases.TC004_UnknownEmployess -->
