<?xml version="1.0" encoding="UTF-8"?>
<!-- Generated by org.testng.reporters.JUnitReportReporter -->
<testsuite skipped="0" hostname="DESKTOP-S0UQF67" name="testCases.TC007_RegisterAndLogIn" tests="2" failures="0" timestamp="05 Jul 2021 03:46:16 GMT" time="5.450" errors="0">
  <testcase name="register" time="4.278" classname="testCases.TC007_RegisterAndLogIn"/>
  <testcase name="login" time="1.172" classname="testCases.TC007_RegisterAndLogIn"/>
</testsuite> <!-- testCases.TC007_RegisterAndLogIn -->
