<?xml version="1.0" encoding="UTF-8"?>
<!-- Generated by org.testng.reporters.JUnitReportReporter -->
<testsuite skipped="0" hostname="DESKTOP-S0UQF67" name="testCases.TC002_GetSingleUserOfEmp" tests="1" failures="0" timestamp="06 Jul 2021 03:54:46 GMT" time="5.521" errors="0">
  <testcase name="getUserEmployees" time="5.521" classname="testCases.TC002_GetSingleUserOfEmp"/>
</testsuite> <!-- testCases.TC002_GetSingleUserOfEmp -->
