<?xml version="1.0" encoding="UTF-8"?>
<!-- Generated by org.testng.reporters.JUnitReportReporter -->
<testsuite skipped="0" hostname="DESKTOP-S0UQF67" name="testCases.TC006_CreateAndDeleteUser" tests="2" failures="0" timestamp="05 Jul 2021 03:28:50 GMT" time="6.175" errors="0">
  <testcase name="createUserEmployee" time="5.108" classname="testCases.TC006_CreateAndDeleteUser"/>
  <testcase name="deleteEmployee" time="1.067" classname="testCases.TC006_CreateAndDeleteUser"/>
</testsuite> <!-- testCases.TC006_CreateAndDeleteUser -->
