<?xml version="1.0" encoding="UTF-8"?>
<!-- Generated by org.testng.reporters.JUnitReportReporter -->
<testsuite skipped="0" hostname="DESKTOP-S0UQF67" name="testCases.TC001_GetEmployee" tests="2" failures="0" timestamp="06 Jul 2021 02:32:00 GMT" time="5.039" errors="0">
  <testcase name="getStatus" time="4.235" classname="testCases.TC001_GetEmployee"/>
  <testcase name="getReponse" time="0.804" classname="testCases.TC001_GetEmployee"/>
</testsuite> <!-- testCases.TC001_GetEmployee -->
